ID= 1 AllEvt= 153409868.000000 AllEvtErr= 12385.874079 SelEvt= 46503716.000000  SelEvtErr= 6819.363703 AllEvtnoweight= 153409868.000000 SelEvtnoweight= 46503716.000000 Eff(weight)= 0.303134 Eff(noweight)= 0.303134 Nfile= 3990 
ID= 31 AllEvt= 3297045.000000 AllEvtErr= 1815.777466 SelEvt= 28258.000000  SelEvtErr= 168.101143 AllEvtnoweight= 3297045.000000 SelEvtnoweight= 28258.000000 Eff(weight)= 0.008571 Eff(noweight)= 0.008571 Nfile= 401
ID= 32 AllEvt= 3293740.000000 AllEvtErr= 1814.866574 SelEvt= 1621407.000000  SelEvtErr= 1273.344932 AllEvtnoweight= 3293740.000000 SelEvtnoweight= 1621407.000000 Eff(weight)= 0.492269 Eff(noweight)= 0.492269 Nfile= 401 
ID= 33 AllEvt= 16052752.000000 AllEvtErr= 4006.587358 SelEvt= 1268287.000000  SelEvtErr= 1126.182580 AllEvtnoweight= 16052752.000000 SelEvtnoweight= 1268287.000000 Eff(weight)= 0.079007 Eff(noweight)= 0.079007 Nfile= 414 
ID= 10110333 AllEvt= 1974244.000000 AllEvtErr= 1405.077955 SelEvt= 10403.000000  SelEvtErr= 101.995094 AllEvtnoweight= 1974244.000000 SelEvtnoweight= 10403.000000 Eff(weight)= 0.005269 Eff(noweight)= 0.005269 Nfile= 414 
ID= 10110433 AllEvt= 4475556.000000 AllEvtErr= 2115.551143 SelEvt= 21150.000000  SelEvtErr= 145.430387 AllEvtnoweight= 4475556.000000 SelEvtnoweight= 21150.000000 Eff(weight)= 0.004726 Eff(noweight)= 0.004726 Nfile= 414 
ID= 10130533 AllEvt= 1571497.000000 AllEvtErr= 1253.593638 SelEvt= 9328.000000  SelEvtErr= 96.581580 AllEvtnoweight= 1571497.000000 SelEvtnoweight= 9328.000000 Eff(weight)= 0.005936 Eff(noweight)= 0.005936 Nfile= 414 
ID= 10210333 AllEvt= 1920649.000000 AllEvtErr= 1385.874847 SelEvt= 298961.000000  SelEvtErr= 546.773320 AllEvtnoweight= 1920649.000000 SelEvtnoweight= 298961.000000 Eff(weight)= 0.155656 Eff(noweight)= 0.155656 Nfile= 414 
ID= 10210433 AllEvt= 4351431.000000 AllEvtErr= 2086.008369 SelEvt= 691651.000000  SelEvtErr= 831.655574 AllEvtnoweight= 4351431.000000 SelEvtnoweight= 691651.000000 Eff(weight)= 0.158948 Eff(noweight)= 0.158948 Nfile= 414 
ID= 10230533 AllEvt= 1528384.000000 AllEvtErr= 1236.278328 SelEvt= 253331.000000  SelEvtErr= 503.319991 AllEvtnoweight= 1528384.000000 SelEvtnoweight= 253331.000000 Eff(weight)= 0.165751 Eff(noweight)= 0.165751 Nfile= 414 
ID= 10230833 AllEvt= 779441.000000 AllEvtErr= 882.859560 SelEvt= 133663.000000  SelEvtErr= 365.599657 AllEvtnoweight= 779441.000000 SelEvtnoweight= 133663.000000 Eff(weight)= 0.171486 Eff(noweight)= 0.171486 Nfile= 414 
ID= 10231433 AllEvt= 26042.000000 AllEvtErr= 161.375327 SelEvt= 4517.000000  SelEvtErr= 67.208627 AllEvtnoweight= 26042.000000 SelEvtnoweight= 4517.000000 Eff(weight)= 0.173451 Eff(noweight)= 0.173451 Nfile= 413 
ID= 10231833 AllEvt= 86634.000000 AllEvtErr= 294.336453 SelEvt= 15107.000000  SelEvtErr= 122.910514 AllEvtnoweight= 86634.000000 SelEvtnoweight= 15107.000000 Eff(weight)= 0.174377 Eff(noweight)= 0.174377 Nfile= 413 
ID= 10310333 AllEvt= 609680.000000 AllEvtErr= 780.820027 SelEvt= 1474.000000  SelEvtErr= 38.392701 AllEvtnoweight= 609680.000000 SelEvtnoweight= 1474.000000 Eff(weight)= 0.002418 Eff(noweight)= 0.002418 Nfile= 413 
ID= 10330533 AllEvt= 969096.000000 AllEvtErr= 984.426700 SelEvt= 2622.000000  SelEvtErr= 51.205473 AllEvtnoweight= 969096.000000 SelEvtnoweight= 2622.000000 Eff(weight)= 0.002706 Eff(noweight)= 0.002706 Nfile= 414 
ID= 10410333 AllEvt= 2757528.000000 AllEvtErr= 1660.580646 SelEvt= 7582.000000  SelEvtErr= 87.074697 AllEvtnoweight= 2757528.000000 SelEvtnoweight= 7582.000000 Eff(weight)= 0.002750 Eff(noweight)= 0.002750 Nfile= 414 
ID= 10410433 AllEvt= 3124682.000000 AllEvtErr= 1767.676951 SelEvt= 9007.000000  SelEvtErr= 94.905226 AllEvtnoweight= 3124682.000000 SelEvtnoweight= 9007.000000 Eff(weight)= 0.002883 Eff(noweight)= 0.002883 Nfile= 414 
ID= 10430533 AllEvt= 2197745.000000 AllEvtErr= 1482.479277 SelEvt= 6728.000000  SelEvtErr= 82.024400 AllEvtnoweight= 2197745.000000 SelEvtnoweight= 6728.000000 Eff(weight)= 0.003061 Eff(noweight)= 0.003061 Nfile= 414 
ID= 10510333 AllEvt= 995910.000000 AllEvtErr= 997.953003 SelEvt= 2731.000000  SelEvtErr= 52.258974 AllEvtnoweight= 995910.000000 SelEvtnoweight= 2731.000000 Eff(weight)= 0.002742 Eff(noweight)= 0.002742 Nfile= 414 
ID= 10510433 AllEvt= 2252552.000000 AllEvtErr= 1500.850368 SelEvt= 6190.000000  SelEvtErr= 78.676558 AllEvtnoweight= 2252552.000000 SelEvtnoweight= 6190.000000 Eff(weight)= 0.002748 Eff(noweight)= 0.002748 Nfile= 414 
ID= 10530533 AllEvt= 791722.000000 AllEvtErr= 889.787637 SelEvt= 2444.000000  SelEvtErr= 49.436834 AllEvtnoweight= 791722.000000 SelEvtnoweight= 2444.000000 Eff(weight)= 0.003087 Eff(noweight)= 0.003087 Nfile= 414 
ID= 10610333 AllEvt= 78097.000000 AllEvtErr= 279.458254 SelEvt= 263.000000  SelEvtErr= 16.217261 AllEvtnoweight= 78097.000000 SelEvtnoweight= 263.000000 Eff(weight)= 0.003368 Eff(noweight)= 0.003368 Nfile= 414 
ID= 10610433 AllEvt= 177184.000000 AllEvtErr= 420.932284 SelEvt= 686.000000  SelEvtErr= 26.191579 AllEvtnoweight= 177184.000000 SelEvtnoweight= 686.000000 Eff(weight)= 0.003872 Eff(noweight)= 0.003872 Nfile= 414 
ID= 10630533 AllEvt= 61827.000000 AllEvtErr= 248.650293 SelEvt= 209.000000  SelEvtErr= 14.456819 AllEvtnoweight= 61827.000000 SelEvtnoweight= 209.000000 Eff(weight)= 0.003380 Eff(noweight)= 0.003380 Nfile= 413 
ID= 10710333 AllEvt= 147515.000000 AllEvtErr= 384.076791 SelEvt= 385.000000  SelEvtErr= 19.621398 AllEvtnoweight= 147515.000000 SelEvtnoweight= 385.000000 Eff(weight)= 0.002610 Eff(noweight)= 0.002610 Nfile= 414 
ID= 10710433 AllEvt= 332239.000000 AllEvtErr= 576.401839 SelEvt= 946.000000  SelEvtErr= 30.757095 AllEvtnoweight= 332239.000000 SelEvtnoweight= 946.000000 Eff(weight)= 0.002847 Eff(noweight)= 0.002847 Nfile= 414 
ID= 10730533 AllEvt= 117284.000000 AllEvtErr= 342.467481 SelEvt= 321.000000  SelEvtErr= 17.916453 AllEvtnoweight= 117284.000000 SelEvtnoweight= 321.000000 Eff(weight)= 0.002737 Eff(noweight)= 0.002737 Nfile= 413 
ID= 10910333 AllEvt= 110228.000000 AllEvtErr= 332.005997 SelEvt= 281.000000  SelEvtErr= 16.763041 AllEvtnoweight= 110228.000000 SelEvtnoweight= 281.000000 Eff(weight)= 0.002549 Eff(noweight)= 0.002549 Nfile= 414 
ID= 10910433 AllEvt= 248610.000000 AllEvtErr= 498.608047 SelEvt= 720.000000  SelEvtErr= 26.832793 AllEvtnoweight= 248610.000000 SelEvtnoweight= 720.000000 Eff(weight)= 0.002896 Eff(noweight)= 0.002896 Nfile= 414 
ID= 10930533 AllEvt= 87601.000000 AllEvtErr= 295.974509 SelEvt= 267.000000  SelEvtErr= 16.340120 AllEvtnoweight= 87601.000000 SelEvtnoweight= 267.000000 Eff(weight)= 0.003048 Eff(noweight)= 0.003048 Nfile= 414 
ID= 11510333 AllEvt= 16711.000000 AllEvtErr= 129.271012 SelEvt= 29.000000  SelEvtErr= 5.385162 AllEvtnoweight= 16711.000000 SelEvtnoweight= 29.000000 Eff(weight)= 0.001735 Eff(noweight)= 0.001735 Nfile= 413 
ID= 11510433 AllEvt= 36953.000000 AllEvtErr= 192.231612 SelEvt= 80.000000  SelEvtErr= 8.944270 AllEvtnoweight= 36953.000000 SelEvtnoweight= 80.000000 Eff(weight)= 0.002165 Eff(noweight)= 0.002165 Nfile= 412 
ID= 11530533 AllEvt= 13097.000000 AllEvtErr= 114.442101 SelEvt= 37.000000  SelEvtErr= 6.082762 AllEvtnoweight= 13097.000000 SelEvtnoweight= 37.000000 Eff(weight)= 0.002825 Eff(noweight)= 0.002825 Nfile= 413 
ID= 11610333 AllEvt= 16511.000000 AllEvtErr= 128.495120 SelEvt= 50.000000  SelEvtErr= 7.071065 AllEvtnoweight= 16511.000000 SelEvtnoweight= 50.000000 Eff(weight)= 0.003028 Eff(noweight)= 0.003028 Nfile= 412 
ID= 11610433 AllEvt= 37602.000000 AllEvtErr= 193.912368 SelEvt= 126.000000  SelEvtErr= 11.224967 AllEvtnoweight= 37602.000000 SelEvtnoweight= 126.000000 Eff(weight)= 0.003351 Eff(noweight)= 0.003351 Nfile= 413 
ID= 11630533 AllEvt= 13099.000000 AllEvtErr= 114.450840 SelEvt= 40.000000  SelEvtErr= 6.324554 AllEvtnoweight= 13099.000000 SelEvtnoweight= 40.000000 Eff(weight)= 0.003054 Eff(noweight)= 0.003054 Nfile= 411 
ID= 11710333 AllEvt= 5543.000000 AllEvtErr= 74.451329 SelEvt= 24.000000  SelEvtErr= 4.898979 AllEvtnoweight= 5543.000000 SelEvtnoweight= 24.000000 Eff(weight)= 0.004330 Eff(noweight)= 0.004330 Nfile= 411 
ID= 11710433 AllEvt= 12660.000000 AllEvtErr= 112.516643 SelEvt= 41.000000  SelEvtErr= 6.403123 AllEvtnoweight= 12660.000000 SelEvtnoweight= 41.000000 Eff(weight)= 0.003239 Eff(noweight)= 0.003239 Nfile= 413 
ID= 11730533 AllEvt= 4239.000000 AllEvtErr= 65.107594 SelEvt= 21.000000  SelEvtErr= 4.582575 AllEvtnoweight= 4239.000000 SelEvtnoweight= 21.000000 Eff(weight)= 0.004954 Eff(noweight)= 0.004954 Nfile= 409 
ID= 11910333 AllEvt= 60397.000000 AllEvtErr= 245.757942 SelEvt= 138.000000  SelEvtErr= 11.747331 AllEvtnoweight= 60397.000000 SelEvtnoweight= 138.000000 Eff(weight)= 0.002285 Eff(noweight)= 0.002285 Nfile= 413 
ID= 11910433 AllEvt= 136558.000000 AllEvtErr= 369.537694 SelEvt= 344.000000  SelEvtErr= 18.547216 AllEvtnoweight= 136558.000000 SelEvtnoweight= 344.000000 Eff(weight)= 0.002519 Eff(noweight)= 0.002519 Nfile= 414 
ID= 11930533 AllEvt= 47966.000000 AllEvtErr= 219.011441 SelEvt= 105.000000  SelEvtErr= 10.246945 AllEvtnoweight= 47966.000000 SelEvtnoweight= 105.000000 Eff(weight)= 0.002189 Eff(noweight)= 0.002189 Nfile= 413 
ID= 12010333 AllEvt= 18594.000000 AllEvtErr= 136.359806 SelEvt= 64.000000  SelEvtErr= 7.999997 AllEvtnoweight= 18594.000000 SelEvtnoweight= 64.000000 Eff(weight)= 0.003442 Eff(noweight)= 0.003442 Nfile= 411 
ID= 12010433 AllEvt= 42311.000000 AllEvtErr= 205.696413 SelEvt= 110.000000  SelEvtErr= 10.488080 AllEvtnoweight= 42311.000000 SelEvtnoweight= 110.000000 Eff(weight)= 0.002600 Eff(noweight)= 0.002600 Nfile= 411 
ID= 12030533 AllEvt= 14908.000000 AllEvtErr= 122.098298 SelEvt= 28.000000  SelEvtErr= 5.291503 AllEvtnoweight= 14908.000000 SelEvtnoweight= 28.000000 Eff(weight)= 0.001878 Eff(noweight)= 0.001878 Nfile= 412 
ID= 12110333 AllEvt= 14217.000000 AllEvtErr= 119.235039 SelEvt= 54.000000  SelEvtErr= 7.348469 AllEvtnoweight= 14217.000000 SelEvtnoweight= 54.000000 Eff(weight)= 0.003798 Eff(noweight)= 0.003798 Nfile= 412 
ID= 12110433 AllEvt= 32277.000000 AllEvtErr= 179.657981 SelEvt= 98.000000  SelEvtErr= 9.899490 AllEvtnoweight= 32277.000000 SelEvtnoweight= 98.000000 Eff(weight)= 0.003036 Eff(noweight)= 0.003036 Nfile= 413 
ID= 12130533 AllEvt= 11067.000000 AllEvtErr= 105.199790 SelEvt= 35.000000  SelEvtErr= 5.916080 AllEvtnoweight= 11067.000000 SelEvtnoweight= 35.000000 Eff(weight)= 0.003163 Eff(noweight)= 0.003163 Nfile= 412 
ID= 12210333 AllEvt= 10782.000000 AllEvtErr= 103.836398 SelEvt= 32.000000  SelEvtErr= 5.656853 AllEvtnoweight= 10782.000000 SelEvtnoweight= 32.000000 Eff(weight)= 0.002968 Eff(noweight)= 0.002968 Nfile= 412 
ID= 12210433 AllEvt= 24585.000000 AllEvtErr= 156.796037 SelEvt= 79.000000  SelEvtErr= 8.888193 AllEvtnoweight= 24585.000000 SelEvtnoweight= 79.000000 Eff(weight)= 0.003213 Eff(noweight)= 0.003213 Nfile= 414 
ID= 12230533 AllEvt= 8670.000000 AllEvtErr= 93.112851 SelEvt= 25.000000  SelEvtErr= 4.999999 AllEvtnoweight= 8670.000000 SelEvtnoweight= 25.000000 Eff(weight)= 0.002884 Eff(noweight)= 0.002884 Nfile= 410 
ID= 30530533 AllEvt= 385685.000000 AllEvtErr= 621.035424 SelEvt= 1104.000000  SelEvtErr= 33.226480 AllEvtnoweight= 385685.000000 SelEvtnoweight= 1104.000000 Eff(weight)= 0.002862 Eff(noweight)= 0.002862 Nfile= 414 
ID= 56 AllEvt= 1933235.000000 AllEvtErr= 1390.408669 SelEvt= 907218.000000  SelEvtErr= 952.479953 AllEvtnoweight= 1933235.000000 SelEvtnoweight= 907218.000000 Eff(weight)= 0.469275 Eff(noweight)= 0.469275 Nfile= 451 
ID= 58 AllEvt= 2017258.000000 AllEvtErr= 1420.302264 SelEvt= 995709.000000  SelEvtErr= 997.852249 AllEvtnoweight= 2017258.000000 SelEvtnoweight= 995709.000000 Eff(weight)= 0.493595 Eff(noweight)= 0.493595 Nfile= 452 
ID= 10110458 AllEvt= 97.000000 AllEvtErr= 9.848851 SelEvt= 8.000000  SelEvtErr= 2.828427 AllEvtnoweight= 97.000000 SelEvtnoweight= 8.000000 Eff(weight)= 0.082474 Eff(noweight)= 0.082474 Nfile= 76 
ID= 10210358 AllEvt= 49.000000 AllEvtErr= 6.999996 SelEvt= 7.000000  SelEvtErr= 2.645751 AllEvtnoweight= 49.000000 SelEvtnoweight= 7.000000 Eff(weight)= 0.142857 Eff(noweight)= 0.142857 Nfile= 44 
ID= 10410458 AllEvt= 57.000000 AllEvtErr= 7.549830 SelEvt= 5.000000  SelEvtErr= 2.236068 AllEvtnoweight= 57.000000 SelEvtnoweight= 5.000000 Eff(weight)= 0.087719 Eff(noweight)= 0.087719 Nfile= 48 
ID= 10430558 AllEvt= 50.000000 AllEvtErr= 7.071064 SelEvt= 4.000000  SelEvtErr= 2.000000 AllEvtnoweight= 50.000000 SelEvtnoweight= 4.000000 Eff(weight)= 0.080000 Eff(noweight)= 0.080000 Nfile= 45 
ID= 10610458 AllEvt= 10.000000 AllEvtErr= 3.162278 SelEvt= 0.000000  SelEvtErr= 0.000000 AllEvtnoweight= 10.000000 SelEvtnoweight= 0.000000 Eff(weight)= 0.000000 Eff(noweight)= 0.000000 Nfile= 10 
ID= 10730558 AllEvt= 5.000000 AllEvtErr= 2.236066 SelEvt= 0.000000  SelEvtErr= 0.000000 AllEvtnoweight= 5.000000 SelEvtnoweight= 0.000000 Eff(weight)= 0.000000 Eff(noweight)= 0.000000 Nfile= 4 
ID= 10210458 AllEvt= 96.000000 AllEvtErr= 9.797953 SelEvt= 13.000000  SelEvtErr= 3.605550 AllEvtnoweight= 96.000000 SelEvtnoweight= 13.000000 Eff(weight)= 0.135417 Eff(noweight)= 0.135417 Nfile= 71 
ID= 10410358 AllEvt= 63.000000 AllEvtErr= 7.937250 SelEvt= 6.000000  SelEvtErr= 2.449490 AllEvtnoweight= 63.000000 SelEvtnoweight= 6.000000 Eff(weight)= 0.095238 Eff(noweight)= 0.095238 Nfile= 50 
ID= 10510458 AllEvt= 51.000000 AllEvtErr= 7.141427 SelEvt= 2.000000  SelEvtErr= 1.414214 AllEvtnoweight= 51.000000 SelEvtnoweight= 2.000000 Eff(weight)= 0.039216 Eff(noweight)= 0.039216 Nfile= 49 
ID= 30530558 AllEvt= 12.000000 AllEvtErr= 3.464102 SelEvt= 1.000000  SelEvtErr= 1.000000 AllEvtnoweight= 12.000000 SelEvtnoweight= 1.000000 Eff(weight)= 0.083333 Eff(noweight)= 0.083333 Nfile= 12 
ID= 10110358 AllEvt= 38.000000 AllEvtErr= 6.164412 SelEvt= 3.000000  SelEvtErr= 1.732048 AllEvtnoweight= 38.000000 SelEvtnoweight= 3.000000 Eff(weight)= 0.078947 Eff(noweight)= 0.078947 Nfile= 34 
ID= 10710458 AllEvt= 9.000000 AllEvtErr= 3.000000 SelEvt= 0.000000  SelEvtErr= 0.000000 AllEvtnoweight= 9.000000 SelEvtnoweight= 0.000000 Eff(weight)= 0.000000 Eff(noweight)= 0.000000 Nfile= 9 
ID= 10710358 AllEvt= 5.000000 AllEvtErr= 2.236068 SelEvt= 0.000000  SelEvtErr= 0.000000 AllEvtnoweight= 5.000000 SelEvtnoweight= 0.000000 Eff(weight)= 0.000000 Eff(noweight)= 0.000000 Nfile= 5 
ID= 10230858 AllEvt= 25.000000 AllEvtErr= 5.000000 SelEvt= 8.000000  SelEvtErr= 2.828427 AllEvtnoweight= 25.000000 SelEvtnoweight= 8.000000 Eff(weight)= 0.320000 Eff(noweight)= 0.320000 Nfile= 25 
ID= 10330558 AllEvt= 21.000000 AllEvtErr= 4.582576 SelEvt= 1.000000  SelEvtErr= 1.000000 AllEvtnoweight= 21.000000 SelEvtnoweight= 1.000000 Eff(weight)= 0.047619 Eff(noweight)= 0.047619 Nfile= 21 
ID= 10130558 AllEvt= 28.000000 AllEvtErr= 5.291501 SelEvt= 5.000000  SelEvtErr= 2.236068 AllEvtnoweight= 28.000000 SelEvtnoweight= 5.000000 Eff(weight)= 0.178571 Eff(noweight)= 0.178571 Nfile= 26 
ID= 10230558 AllEvt= 26.000000 AllEvtErr= 5.099017 SelEvt= 6.000000  SelEvtErr= 2.449490 AllEvtnoweight= 26.000000 SelEvtnoweight= 6.000000 Eff(weight)= 0.230769 Eff(noweight)= 0.230769 Nfile= 22 
ID= 10910458 AllEvt= 4.000000 AllEvtErr= 2.000000 SelEvt= 0.000000  SelEvtErr= 0.000000 AllEvtnoweight= 4.000000 SelEvtnoweight= 0.000000 Eff(weight)= 0.000000 Eff(noweight)= 0.000000 Nfile= 4 
ID= 10310358 AllEvt= 12.000000 AllEvtErr= 3.464102 SelEvt= 2.000000  SelEvtErr= 1.414214 AllEvtnoweight= 12.000000 SelEvtnoweight= 2.000000 Eff(weight)= 0.166667 Eff(noweight)= 0.166667 Nfile= 12 
ID= 10510358 AllEvt= 16.000000 AllEvtErr= 4.000000 SelEvt= 1.000000  SelEvtErr= 1.000000 AllEvtnoweight= 16.000000 SelEvtnoweight= 1.000000 Eff(weight)= 0.062500 Eff(noweight)= 0.062500 Nfile= 16 
ID= 10610358 AllEvt= 3.000000 AllEvtErr= 1.732051 SelEvt= 0.000000  SelEvtErr= 0.000000 AllEvtnoweight= 3.000000 SelEvtnoweight= 0.000000 Eff(weight)= 0.000000 Eff(noweight)= 0.000000 Nfile= 3 
ID= 10530558 AllEvt= 24.000000 AllEvtErr= 4.898975 SelEvt= 3.000000  SelEvtErr= 1.732051 AllEvtnoweight= 24.000000 SelEvtnoweight= 3.000000 Eff(weight)= 0.125000 Eff(noweight)= 0.125000 Nfile= 20 
ID= 12110458 AllEvt= 2.000000 AllEvtErr= 1.414214 SelEvt= 0.000000  SelEvtErr= 0.000000 AllEvtnoweight= 2.000000 SelEvtnoweight= 0.000000 Eff(weight)= 0.000000 Eff(noweight)= 0.000000 Nfile= 2 
ID= 10630558 AllEvt= 3.000000 AllEvtErr= 1.732051 SelEvt= 1.000000  SelEvtErr= 1.000000 AllEvtnoweight= 3.000000 SelEvtnoweight= 1.000000 Eff(weight)= 0.333333 Eff(noweight)= 0.333333 Nfile= 3 
ID= 10231458 AllEvt= 1.000000 AllEvtErr= 1.000000 SelEvt= 0.000000  SelEvtErr= 0.000000 AllEvtnoweight= 1.000000 SelEvtnoweight= 0.000000 Eff(weight)= 0.000000 Eff(noweight)= 0.000000 Nfile= 1 
ID= 11530558 AllEvt= 1.000000 AllEvtErr= 1.000000 SelEvt= 0.000000  SelEvtErr= 0.000000 AllEvtnoweight= 1.000000 SelEvtnoweight= 0.000000 Eff(weight)= 0.000000 Eff(noweight)= 0.000000 Nfile= 1 
ID= 10930558 AllEvt= 3.000000 AllEvtErr= 1.732051 SelEvt= 0.000000  SelEvtErr= 0.000000 AllEvtnoweight= 3.000000 SelEvtnoweight= 0.000000 Eff(weight)= 0.000000 Eff(noweight)= 0.000000 Nfile= 3 
ID= 10231858 AllEvt= 4.000000 AllEvtErr= 2.000000 SelEvt= 0.000000  SelEvtErr= 0.000000 AllEvtnoweight= 4.000000 SelEvtnoweight= 0.000000 Eff(weight)= 0.000000 Eff(noweight)= 0.000000 Nfile= 4 
ID= 11910458 AllEvt= 2.000000 AllEvtErr= 1.414214 SelEvt= 0.000000  SelEvtErr= 0.000000 AllEvtnoweight= 2.000000 SelEvtnoweight= 0.000000 Eff(weight)= 0.000000 Eff(noweight)= 0.000000 Nfile= 2 
ID= 12030558 AllEvt= 1.000000 AllEvtErr= 1.000000 SelEvt= 1.000000  SelEvtErr= 1.000000 AllEvtnoweight= 1.000000 SelEvtnoweight= 1.000000 Eff(weight)= 1.000000 Eff(noweight)= 1.000000 Nfile= 1 
ID= 11930558 AllEvt= 1.000000 AllEvtErr= 1.000000 SelEvt= 0.000000  SelEvtErr= 0.000000 AllEvtnoweight= 1.000000 SelEvtnoweight= 0.000000 Eff(weight)= 0.000000 Eff(noweight)= 0.000000 Nfile= 1 
ID= 10910358 AllEvt= 2.000000 AllEvtErr= 1.414214 SelEvt= 0.000000  SelEvtErr= 0.000000 AllEvtnoweight= 2.000000 SelEvtnoweight= 0.000000 Eff(weight)= 0.000000 Eff(noweight)= 0.000000 Nfile= 2 
ID= 57 AllEvt= 3212371.000000 AllEvtErr= 1792.308841 SelEvt= 1026827.000000 SelEvtErr= 1013.324669 AllEvtnoweight= 3212371.000000 SelEvtnoweight= 1026827.000000 Eff(weight)= 0.319648 Eff(noweight)= 0.319648 Nfile= 451
ID= 10110357 AllEvt= 227.000000 AllEvtErr= 15.066508 SelEvt= 5.000000 SelEvtErr= 2.236068 AllEvtnoweight= 227.000000 SelEvtnoweight= 5.000000 Eff(weight)= 0.022026 Eff(noweight)= 0.022026 Nfile= 159
ID= 10110457 AllEvt= 484.000000 AllEvtErr= 21.999982 SelEvt= 7.000000 SelEvtErr= 2.645751 AllEvtnoweight= 484.000000 SelEvtnoweight= 7.000000 Eff(weight)= 0.014463 Eff(noweight)= 0.014463 Nfile= 254
ID= 10130557 AllEvt= 159.000000 AllEvtErr= 12.609510 SelEvt= 4.000000 SelEvtErr= 2.000000 AllEvtnoweight= 159.000000 SelEvtnoweight= 4.000000 Eff(weight)= 0.025157 Eff(noweight)= 0.025157 Nfile= 126
ID= 10210357 AllEvt= 214.000000 AllEvtErr= 14.628726 SelEvt= 44.000000 SelEvtErr= 6.633247 AllEvtnoweight= 214.000000 SelEvtnoweight= 44.000000 Eff(weight)= 0.205607 Eff(noweight)= 0.205607 Nfile= 154
ID= 10210457 AllEvt= 455.000000 AllEvtErr= 21.330716 SelEvt= 106.000000 SelEvtErr= 10.295623 AllEvtnoweight= 455.000000 SelEvtnoweight= 106.000000 Eff(weight)= 0.232967 Eff(noweight)= 0.232967 Nfile= 237
ID= 10230557 AllEvt= 160.000000 AllEvtErr= 12.649100 SelEvt= 37.000000 SelEvtErr= 6.082762 AllEvtnoweight= 160.000000 SelEvtnoweight= 37.000000 Eff(weight)= 0.231250 Eff(noweight)= 0.231250 Nfile= 119
ID= 10230857 AllEvt= 87.000000 AllEvtErr= 9.327377 SelEvt= 13.000000 SelEvtErr= 3.605550 AllEvtnoweight= 87.000000 SelEvtnoweight= 13.000000 Eff(weight)= 0.149425 Eff(noweight)= 0.149425 Nfile= 80
ID= 10310357 AllEvt= 70.000000 AllEvtErr= 8.366597 SelEvt= 0.000000 SelEvtErr= 0.000000 AllEvtnoweight= 70.000000 SelEvtnoweight= 0.000000 Eff(weight)= 0.000000 Eff(noweight)= 0.000000 Nfile= 65
ID= 10410357 AllEvt= 323.000000 AllEvtErr= 17.972187 SelEvt= 5.000000 SelEvtErr= 2.236068 AllEvtnoweight= 323.000000 SelEvtnoweight= 5.000000 Eff(weight)= 0.015480 Eff(noweight)= 0.015480 Nfile= 195
ID= 10410457 AllEvt= 396.000000 AllEvtErr= 19.899731 SelEvt= 9.000000 SelEvtErr= 3.000000 AllEvtnoweight= 396.000000 SelEvtnoweight= 9.000000 Eff(weight)= 0.022727 Eff(noweight)= 0.022727 Nfile= 235
ID= 10510457 AllEvt= 230.000000 AllEvtErr= 15.165738 SelEvt= 0.000000 SelEvtErr= 0.000000 AllEvtnoweight= 230.000000 SelEvtnoweight= 0.000000 Eff(weight)= 0.000000 Eff(noweight)= 0.000000 Nfile= 161
ID= 10710457 AllEvt= 40.000000 AllEvtErr= 6.324554 SelEvt= 1.000000 SelEvtErr= 1.000000 AllEvtnoweight= 40.000000 SelEvtnoweight= 1.000000 Eff(weight)= 0.025000 Eff(noweight)= 0.025000 Nfile= 38
ID= 10910457 AllEvt= 24.000000 AllEvtErr= 4.898978 SelEvt= 0.000000 SelEvtErr= 0.000000 AllEvtnoweight= 24.000000 SelEvtnoweight= 0.000000 Eff(weight)= 0.000000 Eff(noweight)= 0.000000 Nfile= 23
ID= 10430557 AllEvt= 238.000000 AllEvtErr= 15.427237 SelEvt= 3.000000 SelEvtErr= 1.732051 AllEvtnoweight= 238.000000 SelEvtnoweight= 3.000000 Eff(weight)= 0.012605 Eff(noweight)= 0.012605 Nfile= 165
ID= 11730557 AllEvt= 1.000000 AllEvtErr= 1.000000 SelEvt= 0.000000  SelEvtErr= 0.000000 AllEvtnoweight= 1.000000 SelEvtnoweight= 0.000000 Eff(weight)= 0.000000 Eff(noweight)= 0.000000 Nfile= 1
ID= 10330557 AllEvt= 103.000000 AllEvtErr= 10.148885 SelEvt= 0.000000 SelEvtErr= 0.000000 AllEvtnoweight= 103.000000 SelEvtnoweight= 0.000000 Eff(weight)= 0.000000 Eff(noweight)= 0.000000 Nfile= 89
ID= 10610457 AllEvt= 15.000000 AllEvtErr= 3.872983 SelEvt= 0.000000 SelEvtErr= 0.000000 AllEvtnoweight= 15.000000 SelEvtnoweight= 0.000000 Eff(weight)= 0.000000 Eff(noweight)= 0.000000 Nfile= 15
ID= 10510357 AllEvt= 117.000000 AllEvtErr= 10.816649 SelEvt= 2.000000 SelEvtErr= 1.414214 AllEvtnoweight= 117.000000 SelEvtnoweight= 2.000000 Eff(weight)= 0.017094 Eff(noweight)= 0.017094 Nfile= 98
ID= 11910457 AllEvt= 16.000000 AllEvtErr= 4.000000 SelEvt= 0.000000 SelEvtErr= 0.000000 AllEvtnoweight= 16.000000 SelEvtnoweight= 0.000000 Eff(weight)= 0.000000 Eff(noweight)= 0.000000 Nfile= 16
ID= 10530557 AllEvt= 98.000000 AllEvtErr= 9.899489 SelEvt= 2.000000 SelEvtErr= 1.414214 AllEvtnoweight= 98.000000 SelEvtnoweight= 2.000000 Eff(weight)= 0.020408 Eff(noweight)= 0.020408 Nfile= 87
ID= 10730557 AllEvt= 9.000000 AllEvtErr= 3.000000 SelEvt= 0.000000  SelEvtErr= 0.000000 AllEvtnoweight= 9.000000 SelEvtnoweight= 0.000000 Eff(weight)= 0.000000 Eff(noweight)= 0.000000 Nfile= 9
ID= 11910357 AllEvt= 5.000000 AllEvtErr= 2.236068 SelEvt= 0.000000  SelEvtErr= 0.000000 AllEvtnoweight= 5.000000 SelEvtnoweight= 0.000000 Eff(weight)= 0.000000 Eff(noweight)= 0.000000 Nfile= 5
ID= 30530557 AllEvt= 44.000000 AllEvtErr= 6.633248 SelEvt= 0.000000 SelEvtErr= 0.000000 AllEvtnoweight= 44.000000 SelEvtnoweight= 0.000000 Eff(weight)= 0.000000 Eff(noweight)= 0.000000 Nfile= 42
ID= 10930557 AllEvt= 13.000000 AllEvtErr= 3.605550 SelEvt= 0.000000 SelEvtErr= 0.000000 AllEvtnoweight= 13.000000 SelEvtnoweight= 0.000000 Eff(weight)= 0.000000 Eff(noweight)= 0.000000 Nfile= 12
ID= 10231857 AllEvt= 13.000000 AllEvtErr= 3.605551 SelEvt= 1.000000 SelEvtErr= 1.000000 AllEvtnoweight= 13.000000 SelEvtnoweight= 1.000000 Eff(weight)= 0.076923 Eff(noweight)= 0.076923 Nfile= 13
ID= 10610357 AllEvt= 5.000000 AllEvtErr= 2.236068 SelEvt= 0.000000  SelEvtErr= 0.000000 AllEvtnoweight= 5.000000 SelEvtnoweight= 0.000000 Eff(weight)= 0.000000 Eff(noweight)= 0.000000 Nfile= 5
ID= 12010357 AllEvt= 3.000000 AllEvtErr= 1.732051 SelEvt= 0.000000  SelEvtErr= 0.000000 AllEvtnoweight= 3.000000 SelEvtnoweight= 0.000000 Eff(weight)= 0.000000 Eff(noweight)= 0.000000 Nfile= 3
ID= 10710357 AllEvt= 18.000000 AllEvtErr= 4.242639 SelEvt= 0.000000 SelEvtErr= 0.000000 AllEvtnoweight= 18.000000 SelEvtnoweight= 0.000000 Eff(weight)= 0.000000 Eff(noweight)= 0.000000 Nfile= 17
ID= 10910357 AllEvt= 10.000000 AllEvtErr= 3.162278 SelEvt= 0.000000 SelEvtErr= 0.000000 AllEvtnoweight= 10.000000 SelEvtnoweight= 0.000000 Eff(weight)= 0.000000 Eff(noweight)= 0.000000 Nfile= 10
ID= 10630557 AllEvt= 6.000000 AllEvtErr= 2.449490 SelEvt= 0.000000  SelEvtErr= 0.000000 AllEvtnoweight= 6.000000 SelEvtnoweight= 0.000000 Eff(weight)= 0.000000 Eff(noweight)= 0.000000 Nfile= 6
ID= 11510357 AllEvt= 4.000000 AllEvtErr= 2.000000 SelEvt= 0.000000  SelEvtErr= 0.000000 AllEvtnoweight= 4.000000 SelEvtnoweight= 0.000000 Eff(weight)= 0.000000 Eff(noweight)= 0.000000 Nfile= 4
ID= 10231457 AllEvt= 5.000000 AllEvtErr= 2.236068 SelEvt= 0.000000  SelEvtErr= 0.000000 AllEvtnoweight= 5.000000 SelEvtnoweight= 0.000000 Eff(weight)= 0.000000 Eff(noweight)= 0.000000 Nfile= 5
ID= 11930557 AllEvt= 3.000000 AllEvtErr= 1.732051 SelEvt= 0.000000  SelEvtErr= 0.000000 AllEvtnoweight= 3.000000 SelEvtnoweight= 0.000000 Eff(weight)= 0.000000 Eff(noweight)= 0.000000 Nfile= 3
ID= 11610357 AllEvt= 4.000000 AllEvtErr= 2.000000 SelEvt= 0.000000  SelEvtErr= 0.000000 AllEvtnoweight= 4.000000 SelEvtnoweight= 0.000000 Eff(weight)= 0.000000 Eff(noweight)= 0.000000 Nfile= 4
ID= 12010457 AllEvt= 3.000000 AllEvtErr= 1.732051 SelEvt= 0.000000  SelEvtErr= 0.000000 AllEvtnoweight= 3.000000 SelEvtnoweight= 0.000000 Eff(weight)= 0.000000 Eff(noweight)= 0.000000 Nfile= 3
ID= 12210357 AllEvt= 2.000000 AllEvtErr= 1.414214 SelEvt= 0.000000  SelEvtErr= 0.000000 AllEvtnoweight= 2.000000 SelEvtnoweight= 0.000000 Eff(weight)= 0.000000 Eff(noweight)= 0.000000 Nfile= 2
ID= 12110457 AllEvt= 2.000000 AllEvtErr= 1.414214 SelEvt= 0.000000  SelEvtErr= 0.000000 AllEvtnoweight= 2.000000 SelEvtnoweight= 0.000000 Eff(weight)= 0.000000 Eff(noweight)= 0.000000 Nfile= 2
ID= 11510457 AllEvt= 4.000000 AllEvtErr= 2.000000 SelEvt= 0.000000  SelEvtErr= 0.000000 AllEvtnoweight= 4.000000 SelEvtnoweight= 0.000000 Eff(weight)= 0.000000 Eff(noweight)= 0.000000 Nfile= 4
ID= 11610457 AllEvt= 3.000000 AllEvtErr= 1.732051 SelEvt= 0.000000  SelEvtErr= 0.000000 AllEvtnoweight= 3.000000 SelEvtnoweight= 0.000000 Eff(weight)= 0.000000 Eff(noweight)= 0.000000 Nfile= 3
ID= 12130557 AllEvt= 1.000000 AllEvtErr= 1.000000 SelEvt= 0.000000  SelEvtErr= 0.000000 AllEvtnoweight= 1.000000 SelEvtnoweight= 0.000000 Eff(weight)= 0.000000 Eff(noweight)= 0.000000 Nfile= 1
ID= 11710357 AllEvt= 1.000000 AllEvtErr= 1.000000 SelEvt= 0.000000  SelEvtErr= 0.000000 AllEvtnoweight= 1.000000 SelEvtnoweight= 0.000000 Eff(weight)= 0.000000 Eff(noweight)= 0.000000 Nfile= 1
ID= 11710457 AllEvt= 1.000000 AllEvtErr= 1.000000 SelEvt= 0.000000  SelEvtErr= 0.000000 AllEvtnoweight= 1.000000 SelEvtnoweight= 0.000000 Eff(weight)= 0.000000 Eff(noweight)= 0.000000 Nfile= 1
ID= 11530557 AllEvt= 1.000000 AllEvtErr= 1.000000 SelEvt= 0.000000  SelEvtErr= 0.000000 AllEvtnoweight= 1.000000 SelEvtnoweight= 0.000000 Eff(weight)= 0.000000 Eff(noweight)= 0.000000 Nfile= 1
ID= 12210457 AllEvt= 2.000000 AllEvtErr= 1.414214 SelEvt= 0.000000  SelEvtErr= 0.000000 AllEvtnoweight= 2.000000 SelEvtnoweight= 0.000000 Eff(weight)= 0.000000 Eff(noweight)= 0.000000 Nfile= 2
ID= 53 AllEvt= 3860838.000000 AllEvtErr= 1964.901548 SelEvt= 2103750.000000 SelEvtErr= 1450.431006 AllEvtnoweight= 3860838.000000 SelEvtnoweight= 2103750.000000 Eff(weight)= 0.544895 Eff(noweight)= 0.544895 Nfile= 453
ID= 10110353 AllEvt= 56826.000000 AllEvtErr= 238.382047 SelEvt= 13337.000000 SelEvtErr= 115.485907 AllEvtnoweight= 56826.000000 SelEvtnoweight= 13337.000000 Eff(weight)= 0.234699 Eff(noweight)= 0.234699 Nfile= 453
ID= 10110453 AllEvt= 129408.000000 AllEvtErr= 359.733161 SelEvt= 30207.000000 SelEvtErr= 173.801596 AllEvtnoweight= 129408.000000 SelEvtnoweight= 30207.000000 Eff(weight)= 0.233425 Eff(noweight)= 0.233425 Nfile= 453
ID= 10130553 AllEvt= 45459.000000 AllEvtErr= 213.211186 SelEvt= 10617.000000 SelEvtErr= 103.038836 AllEvtnoweight= 45459.000000 SelEvtnoweight= 10617.000000 Eff(weight)= 0.233551 Eff(noweight)= 0.233551 Nfile= 453
ID= 10210353 AllEvt= 55420.000000 AllEvtErr= 235.414490 SelEvt= 22237.000000 SelEvtErr= 149.120740 AllEvtnoweight= 55420.000000 SelEvtnoweight= 22237.000000 Eff(weight)= 0.401245 Eff(noweight)= 0.401245 Nfile= 453
ID= 10210453 AllEvt= 126012.000000 AllEvtErr= 354.981643 SelEvt= 50844.000000 SelEvtErr= 225.486113 AllEvtnoweight= 126012.000000 SelEvtnoweight= 50844.000000 Eff(weight)= 0.403485 Eff(noweight)= 0.403485 Nfile= 453
ID= 10230553 AllEvt= 44361.000000 AllEvtErr= 210.620514 SelEvt= 17787.000000 SelEvtErr= 133.367893 AllEvtnoweight= 44361.000000 SelEvtnoweight= 17787.000000 Eff(weight)= 0.400960 Eff(noweight)= 0.400960 Nfile= 453
ID= 10230853 AllEvt= 22550.000000 AllEvtErr= 150.166554 SelEvt= 9061.000000 SelEvtErr= 95.189305 AllEvtnoweight= 22550.000000 SelEvtnoweight= 9061.000000 Eff(weight)= 0.401818 Eff(noweight)= 0.401818 Nfile= 453
ID= 10231853 AllEvt= 2428.000000 AllEvtErr= 49.274742 SelEvt= 983.000000 SelEvtErr= 31.352813 AllEvtnoweight= 2428.000000 SelEvtnoweight= 983.000000 Eff(weight)= 0.404860 Eff(noweight)= 0.404860 Nfile= 451
ID= 10310353 AllEvt= 17626.000000 AllEvtErr= 132.762925 SelEvt= 3927.000000 SelEvtErr= 62.665780 AllEvtnoweight= 17626.000000 SelEvtnoweight= 3927.000000 Eff(weight)= 0.222796 Eff(noweight)= 0.222796 Nfile= 453
ID= 10330553 AllEvt= 27731.000000 AllEvtErr= 166.526265 SelEvt= 6179.000000 SelEvtErr= 78.606615 AllEvtnoweight= 27731.000000 SelEvtnoweight= 6179.000000 Eff(weight)= 0.222819 Eff(noweight)= 0.222819 Nfile= 453 
ID= 10410353 AllEvt= 79682.000000 AllEvtErr= 282.279873 SelEvt= 17846.000000 SelEvtErr= 133.588904 AllEvtnoweight= 79682.000000 SelEvtnoweight= 17846.000000 Eff(weight)= 0.223965 Eff(noweight)= 0.223965 Nfile= 453
ID= 10410453 AllEvt= 90194.000000 AllEvtErr= 300.322982 SelEvt= 20037.000000 SelEvtErr= 141.552090 AllEvtnoweight= 90194.000000 SelEvtnoweight= 20037.000000 Eff(weight)= 0.222154 Eff(noweight)= 0.222154 Nfile= 453
ID= 10430553 AllEvt= 63684.000000 AllEvtErr= 252.356794 SelEvt= 14247.000000 SelEvtErr= 119.360767 AllEvtnoweight= 63684.000000 SelEvtnoweight= 14247.000000 Eff(weight)= 0.223714 Eff(noweight)= 0.223714 Nfile= 453
ID= 10510353 AllEvt= 28685.000000 AllEvtErr= 169.366454 SelEvt= 6374.000000 SelEvtErr= 79.837337 AllEvtnoweight= 28685.000000 SelEvtnoweight= 6374.000000 Eff(weight)= 0.222207 Eff(noweight)= 0.222207 Nfile= 453 
ID= 10510453 AllEvt= 65862.000000 AllEvtErr= 256.635899 SelEvt= 14609.000000 SelEvtErr= 120.867670 AllEvtnoweight= 65862.000000 SelEvtnoweight= 14609.000000 Eff(weight)= 0.221812 Eff(noweight)= 0.221812 Nfile= 453
ID= 10530553 AllEvt= 22927.000000 AllEvtErr= 151.416630 SelEvt= 5189.000000 SelEvtErr= 72.034710 AllEvtnoweight= 22927.000000 SelEvtnoweight= 5189.000000 Eff(weight)= 0.226327 Eff(noweight)= 0.226327 Nfile= 453
ID= 10610353 AllEvt= 2226.000000 AllEvtErr= 47.180508 SelEvt= 505.000000 SelEvtErr= 22.472183 AllEvtnoweight= 2226.000000 SelEvtnoweight= 505.000000 Eff(weight)= 0.226864 Eff(noweight)= 0.226864 Nfile= 447 
ID= 10610453 AllEvt= 5157.000000 AllEvtErr= 71.812251 SelEvt= 1135.000000 SelEvtErr= 33.689746 AllEvtnoweight= 5157.000000 SelEvtnoweight= 1135.000000 Eff(weight)= 0.220089 Eff(noweight)= 0.220089 Nfile= 452
ID= 10630553 AllEvt= 1768.000000 AllEvtErr= 42.047591 SelEvt= 374.000000 SelEvtErr= 19.339059 AllEvtnoweight= 1768.000000 SelEvtnoweight= 374.000000 Eff(weight)= 0.211538 Eff(noweight)= 0.211538 Nfile= 443
ID= 10710353 AllEvt= 4227.000000 AllEvtErr= 65.015382 SelEvt= 895.000000 SelEvtErr= 29.916530 AllEvtnoweight= 4227.000000 SelEvtnoweight= 895.000000 Eff(weight)= 0.211734 Eff(noweight)= 0.211734 Nfile= 451 
ID= 10710453 AllEvt= 9706.000000 AllEvtErr= 98.519054 SelEvt= 2031.000000 SelEvtErr= 45.066620 AllEvtnoweight= 9706.000000 SelEvtnoweight= 2031.000000 Eff(weight)= 0.209252 Eff(noweight)= 0.209252 Nfile= 452
ID= 10730553 AllEvt= 3437.000000 AllEvtErr= 58.625936 SelEvt= 736.000000 SelEvtErr= 27.129295 AllEvtnoweight= 3437.000000 SelEvtnoweight= 736.000000 Eff(weight)= 0.214140 Eff(noweight)= 0.214140 Nfile= 452
ID= 10910353 AllEvt= 3188.000000 AllEvtErr= 56.462380 SelEvt= 718.000000 SelEvtErr= 26.795499 AllEvtnoweight= 3188.000000 SelEvtnoweight= 718.000000 Eff(weight)= 0.225220 Eff(noweight)= 0.225220 Nfile= 452 
ID= 10910453 AllEvt= 7248.000000 AllEvtErr= 85.135199 SelEvt= 1624.000000 SelEvtErr= 40.298878 AllEvtnoweight= 7248.000000 SelEvtnoweight= 1624.000000 Eff(weight)= 0.224062 Eff(noweight)= 0.224062 Nfile= 452
ID= 10930553 AllEvt= 2577.000000 AllEvtErr= 50.764166 SelEvt= 640.000000 SelEvtErr= 25.298199 AllEvtnoweight= 2577.000000 SelEvtnoweight= 640.000000 Eff(weight)= 0.248351 Eff(noweight)= 0.248351 Nfile= 449
ID= 11510453 AllEvt= 1134.000000 AllEvtErr= 33.674898 SelEvt= 226.000000 SelEvtErr= 15.033285 AllEvtnoweight= 1134.000000 SelEvtnoweight= 226.000000 Eff(weight)= 0.199295 Eff(noweight)= 0.199295 Nfile= 423
ID= 11530553 AllEvt= 366.000000 AllEvtErr= 19.131108 SelEvt= 82.000000 SelEvtErr= 9.055381 AllEvtnoweight= 366.000000 SelEvtnoweight= 82.000000 Eff(weight)= 0.224044 Eff(noweight)= 0.224044 Nfile= 252  
ID= 11610453 AllEvt= 1100.000000 AllEvtErr= 33.166226 SelEvt= 239.000000 SelEvtErr= 15.459615 AllEvtnoweight= 1100.000000 SelEvtnoweight= 239.000000 Eff(weight)= 0.217273 Eff(noweight)= 0.217273 Nfile= 409
ID= 11910353 AllEvt= 1781.000000 AllEvtErr= 42.201894 SelEvt= 410.000000 SelEvtErr= 20.248434 AllEvtnoweight= 1781.000000 SelEvtnoweight= 410.000000 Eff(weight)= 0.230208 Eff(noweight)= 0.230208 Nfile= 441
ID= 11910453 AllEvt= 3991.000000 AllEvtErr= 63.174364 SelEvt= 863.000000 SelEvtErr= 29.376840 AllEvtnoweight= 3991.000000 SelEvtnoweight= 863.000000 Eff(weight)= 0.216237 Eff(noweight)= 0.216237 Nfile= 451
ID= 11930553 AllEvt= 1387.000000 AllEvtErr= 37.242436 SelEvt= 311.000000 SelEvtErr= 17.635174 AllEvtnoweight= 1387.000000 SelEvtnoweight= 311.000000 Eff(weight)= 0.224225 Eff(noweight)= 0.224225 Nfile= 432
ID= 12010453 AllEvt= 1086.000000 AllEvtErr= 32.954493 SelEvt= 235.000000 SelEvtErr= 15.329697 AllEvtnoweight= 1086.000000 SelEvtnoweight= 235.000000 Eff(weight)= 0.216390 Eff(noweight)= 0.216390 Nfile= 418
ID= 12110453 AllEvt= 966.000000 AllEvtErr= 31.080522 SelEvt= 245.000000 SelEvtErr= 15.652465 AllEvtnoweight= 966.000000 SelEvtnoweight= 245.000000 Eff(weight)= 0.253623 Eff(noweight)= 0.253623 Nfile= 396
ID= 12130553 AllEvt= 332.000000 AllEvtErr= 18.220852 SelEvt= 66.000000 SelEvtErr= 8.124036 AllEvtnoweight= 332.000000 SelEvtnoweight= 66.000000 Eff(weight)= 0.198795 Eff(noweight)= 0.198795 Nfile= 231 
ID= 12210453 AllEvt= 721.000000 AllEvtErr= 26.851417 SelEvt= 145.000000 SelEvtErr= 12.041586 AllEvtnoweight= 721.000000 SelEvtnoweight= 145.000000 Eff(weight)= 0.201110 Eff(noweight)= 0.201110 Nfile= 356
ID= 12230553 AllEvt= 258.000000 AllEvtErr= 16.062365 SelEvt= 51.000000 SelEvtErr= 7.141427 AllEvtnoweight= 258.000000 SelEvtnoweight= 51.000000 Eff(weight)= 0.197674 Eff(noweight)= 0.197674 Nfile= 200 
ID= 30530553 AllEvt= 11166.000000 AllEvtErr= 105.669293 SelEvt= 2479.000000 SelEvtErr= 49.789563 AllEvtnoweight= 11166.000000 SelEvtnoweight= 2479.000000 Eff(weight)= 0.222013 Eff(noweight)= 0.222013 Nfile= 453
ID= 11630553 AllEvt= 380.000000 AllEvtErr= 19.493570 SelEvt= 95.000000 SelEvtErr= 9.746791 AllEvtnoweight= 380.000000 SelEvtnoweight= 95.000000 Eff(weight)= 0.250000 Eff(noweight)= 0.250000 Nfile= 255
ID= 12110353 AllEvt= 412.000000 AllEvtErr= 20.297762 SelEvt= 90.000000 SelEvtErr= 9.486829 AllEvtnoweight= 412.000000 SelEvtnoweight= 90.000000 Eff(weight)= 0.218447 Eff(noweight)= 0.218447 Nfile= 272
ID= 12210353 AllEvt= 348.000000 AllEvtErr= 18.654741 SelEvt= 66.000000 SelEvtErr= 8.124036 AllEvtnoweight= 348.000000 SelEvtnoweight= 66.000000 Eff(weight)= 0.189655 Eff(noweight)= 0.189655 Nfile= 240 
ID= 10231453 AllEvt= 737.000000 AllEvtErr= 27.147719 SelEvt= 291.000000 SelEvtErr= 17.058704 AllEvtnoweight= 737.000000 SelEvtnoweight= 291.000000 Eff(weight)= 0.394844 Eff(noweight)= 0.394844 Nfile= 363
ID= 11510353 AllEvt= 507.000000 AllEvtErr= 22.516636 SelEvt= 116.000000 SelEvtErr= 10.770324 AllEvtnoweight= 507.000000 SelEvtnoweight= 116.000000 Eff(weight)= 0.228797 Eff(noweight)= 0.228797 Nfile= 306
ID= 11610353 AllEvt= 456.000000 AllEvtErr= 21.354137 SelEvt= 86.000000 SelEvtErr= 9.273615 AllEvtnoweight= 456.000000 SelEvtnoweight= 86.000000 Eff(weight)= 0.188596 Eff(noweight)= 0.188596 Nfile= 273 
ID= 12010353 AllEvt= 512.000000 AllEvtErr= 22.627396 SelEvt= 108.000000 SelEvtErr= 10.392297 AllEvtnoweight= 512.000000 SelEvtnoweight= 108.000000 Eff(weight)= 0.210938 Eff(noweight)= 0.210938 Nfile= 292
ID= 11710353 AllEvt= 169.000000 AllEvtErr= 12.999992 SelEvt= 46.000000 SelEvtErr= 6.782330 AllEvtnoweight= 169.000000 SelEvtnoweight= 46.000000 Eff(weight)= 0.272189 Eff(noweight)= 0.272189 Nfile= 147
ID= 12030553 AllEvt= 403.000000 AllEvtErr= 20.074840 SelEvt= 95.000000 SelEvtErr= 9.746790 AllEvtnoweight= 403.000000 SelEvtnoweight= 95.000000 Eff(weight)= 0.235732 Eff(noweight)= 0.235732 Nfile= 272
ID= 11710453 AllEvt= 343.000000 AllEvtErr= 18.520241 SelEvt= 71.000000 SelEvtErr= 8.426146 AllEvtnoweight= 343.000000 SelEvtnoweight= 71.000000 Eff(weight)= 0.206997 Eff(noweight)= 0.206997 Nfile= 235
ID= 11730553 AllEvt= 111.000000 AllEvtErr= 10.535650 SelEvt= 24.000000 SelEvtErr= 4.898978 AllEvtnoweight= 111.000000 SelEvtnoweight= 24.000000 Eff(weight)= 0.216216 Eff(noweight)= 0.216216 Nfile= 101
ID= 55 AllEvt= 1579580.000000 AllEvtErr= 1256.813386 SelEvt= 636107.000000  SelEvtErr= 797.563261 AllEvtnoweight= 1579580.000000 SelEvtnoweight= 636107.000000 Eff(weight)= 0.402706 Eff(noweight)= 0.402706 Nfile= 451 
ID= 10110355 AllEvt= 21477.000000 AllEvtErr= 146.550314 SelEvt= 1165.000000  SelEvtErr= 34.132079 AllEvtnoweight= 21477.000000 SelEvtnoweight= 1165.000000 Eff(weight)= 0.054244 Eff(noweight)= 0.054244 Nfile= 451 
ID= 10110455 AllEvt= 48771.000000 AllEvtErr= 220.841574 SelEvt= 2656.000000  SelEvtErr= 51.536401 AllEvtnoweight= 48771.000000 SelEvtnoweight= 2656.000000 Eff(weight)= 0.054459 Eff(noweight)= 0.054459 Nfile= 451 
ID= 10130555 AllEvt= 17116.000000 AllEvtErr= 130.828110 SelEvt= 980.000000  SelEvtErr= 31.304930 AllEvtnoweight= 17116.000000 SelEvtnoweight= 980.000000 Eff(weight)= 0.057256 Eff(noweight)= 0.057256 Nfile= 451 
ID= 10210355 AllEvt= 20964.000000 AllEvtErr= 144.789486 SelEvt= 10024.000000  SelEvtErr= 100.119943 AllEvtnoweight= 20964.000000 SelEvtnoweight= 10024.000000 Eff(weight)= 0.478153 Eff(noweight)= 0.478153 Nfile= 451 
ID= 10210455 AllEvt= 47437.000000 AllEvtErr= 217.800420 SelEvt= 23097.000000  SelEvtErr= 151.976957 AllEvtnoweight= 47437.000000 SelEvtnoweight= 23097.000000 Eff(weight)= 0.486898 Eff(noweight)= 0.486898 Nfile= 451 
ID= 10230555 AllEvt= 16604.000000 AllEvtErr= 128.856487 SelEvt= 8079.000000  SelEvtErr= 89.883276 AllEvtnoweight= 16604.000000 SelEvtnoweight= 8079.000000 Eff(weight)= 0.486570 Eff(noweight)= 0.486570 Nfile= 451 
ID= 10230855 AllEvt= 8470.000000 AllEvtErr= 92.032628 SelEvt= 4221.000000  SelEvtErr= 64.969222 AllEvtnoweight= 8470.000000 SelEvtnoweight= 4221.000000 Eff(weight)= 0.498347 Eff(noweight)= 0.498347 Nfile= 451 
ID= 10231455 AllEvt= 277.000000 AllEvtErr= 16.643301 SelEvt= 139.000000  SelEvtErr= 11.789817 AllEvtnoweight= 277.000000 SelEvtnoweight= 139.000000 Eff(weight)= 0.501805 Eff(noweight)= 0.501805 Nfile= 205 
ID= 10231855 AllEvt= 908.000000 AllEvtErr= 30.133014 SelEvt= 464.000000  SelEvtErr= 21.540637 AllEvtnoweight= 908.000000 SelEvtnoweight= 464.000000 Eff(weight)= 0.511013 Eff(noweight)= 0.511013 Nfile= 393 
ID= 10310355 AllEvt= 6617.000000 AllEvtErr= 81.344950 SelEvt= 249.000000  SelEvtErr= 15.779722 AllEvtnoweight= 6617.000000 SelEvtnoweight= 249.000000 Eff(weight)= 0.037630 Eff(noweight)= 0.037630 Nfile= 451 
ID= 10330555 AllEvt= 10615.000000 AllEvtErr= 103.029129 SelEvt= 408.000000  SelEvtErr= 20.198989 AllEvtnoweight= 10615.000000 SelEvtnoweight= 408.000000 Eff(weight)= 0.038436 Eff(noweight)= 0.038436 Nfile= 451 
ID= 10410355 AllEvt= 30282.000000 AllEvtErr= 174.017226 SelEvt= 1222.000000  SelEvtErr= 34.957103 AllEvtnoweight= 30282.000000 SelEvtnoweight= 1222.000000 Eff(weight)= 0.040354 Eff(noweight)= 0.040354 Nfile= 451 
ID= 10410455 AllEvt= 34632.000000 AllEvtErr= 186.096729 SelEvt= 1479.000000  SelEvtErr= 38.457760 AllEvtnoweight= 34632.000000 SelEvtnoweight= 1479.000000 Eff(weight)= 0.042706 Eff(noweight)= 0.042706 Nfile= 451 
ID= 10430555 AllEvt= 23721.000000 AllEvtErr= 154.016221 SelEvt= 1001.000000  SelEvtErr= 31.638566 AllEvtnoweight= 23721.000000 SelEvtnoweight= 1001.000000 Eff(weight)= 0.042199 Eff(noweight)= 0.042199 Nfile= 451 
ID= 10510355 AllEvt= 10591.000000 AllEvtErr= 102.912592 SelEvt= 438.000000  SelEvtErr= 20.928433 AllEvtnoweight= 10591.000000 SelEvtnoweight= 438.000000 Eff(weight)= 0.041356 Eff(noweight)= 0.041356 Nfile= 451 
ID= 10510455 AllEvt= 24682.000000 AllEvtErr= 157.105051 SelEvt= 1067.000000  SelEvtErr= 32.664944 AllEvtnoweight= 24682.000000 SelEvtnoweight= 1067.000000 Eff(weight)= 0.043230 Eff(noweight)= 0.043230 Nfile= 451 
ID= 10530555 AllEvt= 8694.000000 AllEvtErr= 93.241643 SelEvt= 367.000000  SelEvtErr= 19.157226 AllEvtnoweight= 8694.000000 SelEvtnoweight= 367.000000 Eff(weight)= 0.042213 Eff(noweight)= 0.042213 Nfile= 451 
ID= 10610355 AllEvt= 806.000000 AllEvtErr= 28.390119 SelEvt= 43.000000  SelEvtErr= 6.557438 AllEvtnoweight= 806.000000 SelEvtnoweight= 43.000000 Eff(weight)= 0.053350 Eff(noweight)= 0.053350 Nfile= 372 
ID= 10610455 AllEvt= 2025.000000 AllEvtErr= 45.000001 SelEvt= 99.000000  SelEvtErr= 9.949869 AllEvtnoweight= 2025.000000 SelEvtnoweight= 99.000000 Eff(weight)= 0.048889 Eff(noweight)= 0.048889 Nfile= 444 
ID= 10630555 AllEvt= 659.000000 AllEvtErr= 25.670969 SelEvt= 24.000000  SelEvtErr= 4.898978 AllEvtnoweight= 659.000000 SelEvtnoweight= 24.000000 Eff(weight)= 0.036419 Eff(noweight)= 0.036419 Nfile= 357 
ID= 10710355 AllEvt= 1687.000000 AllEvtErr= 41.073099 SelEvt= 56.000000  SelEvtErr= 7.483314 AllEvtnoweight= 1687.000000 SelEvtnoweight= 56.000000 Eff(weight)= 0.033195 Eff(noweight)= 0.033195 Nfile= 441 
ID= 10710455 AllEvt= 3541.000000 AllEvtErr= 59.506306 SelEvt= 134.000000  SelEvtErr= 11.575830 AllEvtnoweight= 3541.000000 SelEvtnoweight= 134.000000 Eff(weight)= 0.037842 Eff(noweight)= 0.037842 Nfile= 451 
ID= 10730555 AllEvt= 1285.000000 AllEvtErr= 35.846882 SelEvt= 50.000000  SelEvtErr= 7.071065 AllEvtnoweight= 1285.000000 SelEvtnoweight= 50.000000 Eff(weight)= 0.038911 Eff(noweight)= 0.038911 Nfile= 425 
ID= 10910355 AllEvt= 1142.000000 AllEvtErr= 33.793474 SelEvt= 52.000000  SelEvtErr= 7.211099 AllEvtnoweight= 1142.000000 SelEvtnoweight= 52.000000 Eff(weight)= 0.045534 Eff(noweight)= 0.045534 Nfile= 414 
ID= 10910455 AllEvt= 2704.000000 AllEvtErr= 52.000007 SelEvt= 118.000000  SelEvtErr= 10.862775 AllEvtnoweight= 2704.000000 SelEvtnoweight= 118.000000 Eff(weight)= 0.043639 Eff(noweight)= 0.043639 Nfile= 450 
ID= 10930555 AllEvt= 933.000000 AllEvtErr= 30.545027 SelEvt= 42.000000  SelEvtErr= 6.480738 AllEvtnoweight= 933.000000 SelEvtnoweight= 42.000000 Eff(weight)= 0.045016 Eff(noweight)= 0.045016 Nfile= 395 
ID= 11510355 AllEvt= 194.000000 AllEvtErr= 13.928375 SelEvt= 5.000000  SelEvtErr= 2.236068 AllEvtnoweight= 194.000000 SelEvtnoweight= 5.000000 Eff(weight)= 0.025773 Eff(noweight)= 0.025773 Nfile= 147 
ID= 11510455 AllEvt= 426.000000 AllEvtErr= 20.639747 SelEvt= 17.000000  SelEvtErr= 4.123103 AllEvtnoweight= 426.000000 SelEvtnoweight= 17.000000 Eff(weight)= 0.039906 Eff(noweight)= 0.039906 Nfile= 276 
ID= 11530555 AllEvt= 134.000000 AllEvtErr= 11.575832 SelEvt= 3.000000  SelEvtErr= 1.732051 AllEvtnoweight= 134.000000 SelEvtnoweight= 3.000000 Eff(weight)= 0.022388 Eff(noweight)= 0.022388 Nfile= 119 
ID= 11610455 AllEvt= 417.000000 AllEvtErr= 20.420557 SelEvt= 28.000000  SelEvtErr= 5.291502 AllEvtnoweight= 417.000000 SelEvtnoweight= 28.000000 Eff(weight)= 0.067146 Eff(noweight)= 0.067146 Nfile= 275 
ID= 11710455 AllEvt= 136.000000 AllEvtErr= 11.661897 SelEvt= 3.000000  SelEvtErr= 1.732051 AllEvtnoweight= 136.000000 SelEvtnoweight= 3.000000 Eff(weight)= 0.022059 Eff(noweight)= 0.022059 Nfile= 115 
ID= 11910455 AllEvt= 1512.000000 AllEvtErr= 38.884437 SelEvt= 60.000000  SelEvtErr= 7.745963 AllEvtnoweight= 1512.000000 SelEvtnoweight= 60.000000 Eff(weight)= 0.039683 Eff(noweight)= 0.039683 Nfile= 430 
ID= 11930555 AllEvt= 487.000000 AllEvtErr= 22.068055 SelEvt= 22.000000  SelEvtErr= 4.690416 AllEvtnoweight= 487.000000 SelEvtnoweight= 22.000000 Eff(weight)= 0.045175 Eff(noweight)= 0.045175 Nfile= 305 
ID= 12010355 AllEvt= 199.000000 AllEvtErr= 14.106727 SelEvt= 9.000000  SelEvtErr= 3.000000 AllEvtnoweight= 199.000000 SelEvtnoweight= 9.000000 Eff(weight)= 0.045226 Eff(noweight)= 0.045226 Nfile= 165 
ID= 12010455 AllEvt= 452.000000 AllEvtErr= 21.260271 SelEvt= 16.000000  SelEvtErr= 4.000000 AllEvtnoweight= 452.000000 SelEvtnoweight= 16.000000 Eff(weight)= 0.035398 Eff(noweight)= 0.035398 Nfile= 282 
ID= 12110355 AllEvt= 162.000000 AllEvtErr= 12.727915 SelEvt= 5.000000  SelEvtErr= 2.236068 AllEvtnoweight= 162.000000 SelEvtnoweight= 5.000000 Eff(weight)= 0.030864 Eff(noweight)= 0.030864 Nfile= 136 
ID= 30530555 AllEvt= 4168.000000 AllEvtErr= 64.560048 SelEvt= 145.000000  SelEvtErr= 12.041587 AllEvtnoweight= 4168.000000 SelEvtnoweight= 145.000000 Eff(weight)= 0.034789 Eff(noweight)= 0.034789 Nfile= 451 
ID= 11630555 AllEvt= 137.000000 AllEvtErr= 11.704694 SelEvt= 7.000000  SelEvtErr= 2.645751 AllEvtnoweight= 137.000000 SelEvtnoweight= 7.000000 Eff(weight)= 0.051095 Eff(noweight)= 0.051095 Nfile= 118 
ID= 12110455 AllEvt= 373.000000 AllEvtErr= 19.313188 SelEvt= 17.000000  SelEvtErr= 4.123106 AllEvtnoweight= 373.000000 SelEvtnoweight= 17.000000 Eff(weight)= 0.045576 Eff(noweight)= 0.045576 Nfile= 256 
ID= 12210355 AllEvt= 134.000000 AllEvtErr= 11.575830 SelEvt= 2.000000  SelEvtErr= 1.414214 AllEvtnoweight= 134.000000 SelEvtnoweight= 2.000000 Eff(weight)= 0.014925 Eff(noweight)= 0.014925 Nfile= 115 
ID= 11910355 AllEvt= 697.000000 AllEvtErr= 26.400732 SelEvt= 21.000000  SelEvtErr= 4.582576 AllEvtnoweight= 697.000000 SelEvtnoweight= 21.000000 Eff(weight)= 0.030129 Eff(noweight)= 0.030129 Nfile= 368 
ID= 11610355 AllEvt= 170.000000 AllEvtErr= 13.038396 SelEvt= 5.000000  SelEvtErr= 2.236068 AllEvtnoweight= 170.000000 SelEvtnoweight= 5.000000 Eff(weight)= 0.029412 Eff(noweight)= 0.029412 Nfile= 145 
ID= 12130555 AllEvt= 110.000000 AllEvtErr= 10.488083 SelEvt= 5.000000  SelEvtErr= 2.236068 AllEvtnoweight= 110.000000 SelEvtnoweight= 5.000000 Eff(weight)= 0.045455 Eff(noweight)= 0.045455 Nfile= 98 
ID= 12230555 AllEvt= 87.000000 AllEvtErr= 9.327374 SelEvt= 5.000000  SelEvtErr= 2.236068 AllEvtnoweight= 87.000000 SelEvtnoweight= 5.000000 Eff(weight)= 0.057471 Eff(noweight)= 0.057471 Nfile= 75 
ID= 12210455 AllEvt= 266.000000 AllEvtErr= 16.309492 SelEvt= 12.000000  SelEvtErr= 3.464102 AllEvtnoweight= 266.000000 SelEvtnoweight= 12.000000 Eff(weight)= 0.045113 Eff(noweight)= 0.045113 Nfile= 196 
ID= 12030555 AllEvt= 149.000000 AllEvtErr= 12.206547 SelEvt= 0.000000  SelEvtErr= 0.000000 AllEvtnoweight= 149.000000 SelEvtnoweight= 0.000000 Eff(weight)= 0.000000 Eff(noweight)= 0.000000 Nfile= 125 
ID= 11710355 AllEvt= 50.000000 AllEvtErr= 7.071067 SelEvt= 2.000000  SelEvtErr= 1.414214 AllEvtnoweight= 50.000000 SelEvtnoweight= 2.000000 Eff(weight)= 0.040000 Eff(noweight)= 0.040000 Nfile= 49 
ID= 11730555 AllEvt= 47.000000 AllEvtErr= 6.855654 SelEvt= 1.000000  SelEvtErr= 1.000000 AllEvtnoweight= 47.000000 SelEvtnoweight= 1.000000 Eff(weight)= 0.021277 Eff(noweight)= 0.021277 Nfile= 44 
ID= 54 AllEvt= 779154.000000 AllEvtErr= 882.696929 SelEvt= 283508.000000  SelEvtErr= 532.454714 AllEvtnoweight= 779154.000000 SelEvtnoweight= 283508.000000 Eff(weight)= 0.363866 Eff(noweight)= 0.363866 Nfile= 451 
ID= 10110354 AllEvt= 10614.000000 AllEvtErr= 103.024276 SelEvt= 143.000000  SelEvtErr= 11.958255 AllEvtnoweight= 10614.000000 SelEvtnoweight= 143.000000 Eff(weight)= 0.013473 Eff(noweight)= 0.013473 Nfile= 451 
ID= 10110454 AllEvt= 24058.000000 AllEvtErr= 155.106399 SelEvt= 376.000000  SelEvtErr= 19.390701 AllEvtnoweight= 24058.000000 SelEvtnoweight= 376.000000 Eff(weight)= 0.015629 Eff(noweight)= 0.015629 Nfile= 451 
ID= 10130554 AllEvt= 8426.000000 AllEvtErr= 91.793271 SelEvt= 172.000000  SelEvtErr= 13.114866 AllEvtnoweight= 8426.000000 SelEvtnoweight= 172.000000 Eff(weight)= 0.020413 Eff(noweight)= 0.020413 Nfile= 451 
ID= 10210354 AllEvt= 10244.000000 AllEvtErr= 101.212659 SelEvt= 4195.000000  SelEvtErr= 64.768820 AllEvtnoweight= 10244.000000 SelEvtnoweight= 4195.000000 Eff(weight)= 0.409508 Eff(noweight)= 0.409508 Nfile= 451 
ID= 10210454 AllEvt= 23573.000000 AllEvtErr= 153.535000 SelEvt= 9793.000000  SelEvtErr= 98.959600 AllEvtnoweight= 23573.000000 SelEvtnoweight= 9793.000000 Eff(weight)= 0.415433 Eff(noweight)= 0.415433 Nfile= 451 
ID= 10230554 AllEvt= 8153.000000 AllEvtErr= 90.293987 SelEvt= 3561.000000  SelEvtErr= 59.674115 AllEvtnoweight= 8153.000000 SelEvtnoweight= 3561.000000 Eff(weight)= 0.436772 Eff(noweight)= 0.436772 Nfile= 451 
ID= 10230854 AllEvt= 4085.000000 AllEvtErr= 63.914001 SelEvt= 1801.000000  SelEvtErr= 42.438188 AllEvtnoweight= 4085.000000 SelEvtnoweight= 1801.000000 Eff(weight)= 0.440881 Eff(noweight)= 0.440881 Nfile= 451 
ID= 10231454 AllEvt= 138.000000 AllEvtErr= 11.747335 SelEvt= 57.000000  SelEvtErr= 7.549833 AllEvtnoweight= 138.000000 SelEvtnoweight= 57.000000 Eff(weight)= 0.413043 Eff(noweight)= 0.413043 Nfile= 120 
ID= 10231854 AllEvt= 450.000000 AllEvtErr= 21.213184 SelEvt= 201.000000  SelEvtErr= 14.177437 AllEvtnoweight= 450.000000 SelEvtnoweight= 201.000000 Eff(weight)= 0.446667 Eff(noweight)= 0.446667 Nfile= 285 
ID= 10310354 AllEvt= 3302.000000 AllEvtErr= 57.463035 SelEvt= 23.000000  SelEvtErr= 4.795830 AllEvtnoweight= 3302.000000 SelEvtnoweight= 23.000000 Eff(weight)= 0.006965 Eff(noweight)= 0.006965 Nfile= 451 
ID= 10330554 AllEvt= 5233.000000 AllEvtErr= 72.339472 SelEvt= 47.000000  SelEvtErr= 6.855653 AllEvtnoweight= 5233.000000 SelEvtnoweight= 47.000000 Eff(weight)= 0.008981 Eff(noweight)= 0.008981 Nfile= 451 
ID= 10410354 AllEvt= 14694.000000 AllEvtErr= 121.218782 SelEvt= 145.000000  SelEvtErr= 12.041588 AllEvtnoweight= 14694.000000 SelEvtnoweight= 145.000000 Eff(weight)= 0.009868 Eff(noweight)= 0.009868 Nfile= 451 
ID= 10410454 AllEvt= 16895.000000 AllEvtErr= 129.980742 SelEvt= 186.000000  SelEvtErr= 13.638169 AllEvtnoweight= 16895.000000 SelEvtnoweight= 186.000000 Eff(weight)= 0.011009 Eff(noweight)= 0.011009 Nfile= 451 
ID= 10430554 AllEvt= 11785.000000 AllEvtErr= 108.558734 SelEvt= 120.000000  SelEvtErr= 10.954447 AllEvtnoweight= 11785.000000 SelEvtnoweight= 120.000000 Eff(weight)= 0.010182 Eff(noweight)= 0.010182 Nfile= 451 
ID= 10510354 AllEvt= 5361.000000 AllEvtErr= 73.218844 SelEvt= 54.000000  SelEvtErr= 7.348466 AllEvtnoweight= 5361.000000 SelEvtnoweight= 54.000000 Eff(weight)= 0.010073 Eff(noweight)= 0.010073 Nfile= 451 
ID= 10510454 AllEvt= 11982.000000 AllEvtErr= 109.462310 SelEvt= 125.000000  SelEvtErr= 11.180333 AllEvtnoweight= 11982.000000 SelEvtnoweight= 125.000000 Eff(weight)= 0.010432 Eff(noweight)= 0.010432 Nfile= 451 
ID= 10530554 AllEvt= 4347.000000 AllEvtErr= 65.931781 SelEvt= 47.000000  SelEvtErr= 6.855653 AllEvtnoweight= 4347.000000 SelEvtnoweight= 47.000000 Eff(weight)= 0.010812 Eff(noweight)= 0.010812 Nfile= 451 
ID= 10610354 AllEvt= 450.000000 AllEvtErr= 21.213182 SelEvt= 5.000000  SelEvtErr= 2.236068 AllEvtnoweight= 450.000000 SelEvtnoweight= 5.000000 Eff(weight)= 0.011111 Eff(noweight)= 0.011111 Nfile= 270 
ID= 10610454 AllEvt= 990.000000 AllEvtErr= 31.464245 SelEvt= 14.000000  SelEvtErr= 3.741657 AllEvtnoweight= 990.000000 SelEvtnoweight= 14.000000 Eff(weight)= 0.014141 Eff(noweight)= 0.014141 Nfile= 388 
ID= 10630554 AllEvt= 323.000000 AllEvtErr= 17.972185 SelEvt= 3.000000  SelEvtErr= 1.732051 AllEvtnoweight= 323.000000 SelEvtnoweight= 3.000000 Eff(weight)= 0.009288 Eff(noweight)= 0.009288 Nfile= 233 
ID= 10710354 AllEvt= 752.000000 AllEvtErr= 27.422596 SelEvt= 8.000000  SelEvtErr= 2.828427 AllEvtnoweight= 752.000000 SelEvtnoweight= 8.000000 Eff(weight)= 0.010638 Eff(noweight)= 0.010638 Nfile= 366 
ID= 10710454 AllEvt= 1758.000000 AllEvtErr= 41.928505 SelEvt= 22.000000  SelEvtErr= 4.690415 AllEvtnoweight= 1758.000000 SelEvtnoweight= 22.000000 Eff(weight)= 0.012514 Eff(noweight)= 0.012514 Nfile= 442 
ID= 10730554 AllEvt= 612.000000 AllEvtErr= 24.738611 SelEvt= 9.000000  SelEvtErr= 3.000000 AllEvtnoweight= 612.000000 SelEvtnoweight= 9.000000 Eff(weight)= 0.014706 Eff(noweight)= 0.014706 Nfile= 329 
ID= 10910354 AllEvt= 598.000000 AllEvtErr= 24.454017 SelEvt= 4.000000  SelEvtErr= 2.000000 AllEvtnoweight= 598.000000 SelEvtnoweight= 4.000000 Eff(weight)= 0.006689 Eff(noweight)= 0.006689 Nfile= 335 
ID= 10910454 AllEvt= 1290.000000 AllEvtErr= 35.916557 SelEvt= 9.000000  SelEvtErr= 3.000000 AllEvtnoweight= 1290.000000 SelEvtnoweight= 9.000000 Eff(weight)= 0.006977 Eff(noweight)= 0.006977 Nfile= 429 
ID= 10930554 AllEvt= 419.000000 AllEvtErr= 20.469470 SelEvt= 2.000000  SelEvtErr= 1.414214 AllEvtnoweight= 419.000000 SelEvtnoweight= 2.000000 Eff(weight)= 0.004773 Eff(noweight)= 0.004773 Nfile= 269 
ID= 11930554 AllEvt= 243.000000 AllEvtErr= 15.588442 SelEvt= 4.000000  SelEvtErr= 2.000000 AllEvtnoweight= 243.000000 SelEvtnoweight= 4.000000 Eff(weight)= 0.016461 Eff(noweight)= 0.016461 Nfile= 190 
ID= 12130554 AllEvt= 72.000000 AllEvtErr= 8.485278 SelEvt= 1.000000  SelEvtErr= 1.000000 AllEvtnoweight= 72.000000 SelEvtnoweight= 1.000000 Eff(weight)= 0.013889 Eff(noweight)= 0.013889 Nfile= 63 
ID= 12210454 AllEvt= 143.000000 AllEvtErr= 11.958251 SelEvt= 1.000000  SelEvtErr= 1.000000 AllEvtnoweight= 143.000000 SelEvtnoweight= 1.000000 Eff(weight)= 0.006993 Eff(noweight)= 0.006993 Nfile= 118 
ID= 12230554 AllEvt= 59.000000 AllEvtErr= 7.681143 SelEvt= 0.000000  SelEvtErr= 0.000000 AllEvtnoweight= 59.000000 SelEvtnoweight= 0.000000 Eff(weight)= 0.000000 Eff(noweight)= 0.000000 Nfile= 53 
ID= 30530554 AllEvt= 2104.000000 AllEvtErr= 45.869383 SelEvt= 24.000000  SelEvtErr= 4.898979 AllEvtnoweight= 2104.000000 SelEvtnoweight= 24.000000 Eff(weight)= 0.011407 Eff(noweight)= 0.011407 Nfile= 449 
ID= 11610354 AllEvt= 93.000000 AllEvtErr= 9.643646 SelEvt= 1.000000  SelEvtErr= 1.000000 AllEvtnoweight= 93.000000 SelEvtnoweight= 1.000000 Eff(weight)= 0.010753 Eff(noweight)= 0.010753 Nfile= 81 
ID= 11610454 AllEvt= 214.000000 AllEvtErr= 14.628727 SelEvt= 2.000000  SelEvtErr= 1.414214 AllEvtnoweight= 214.000000 SelEvtnoweight= 2.000000 Eff(weight)= 0.009346 Eff(noweight)= 0.009346 Nfile= 170 
ID= 11910454 AllEvt= 696.000000 AllEvtErr= 26.381789 SelEvt= 6.000000  SelEvtErr= 2.449490 AllEvtnoweight= 696.000000 SelEvtnoweight= 6.000000 Eff(weight)= 0.008621 Eff(noweight)= 0.008621 Nfile= 360 
ID= 11510454 AllEvt= 180.000000 AllEvtErr= 13.416400 SelEvt= 0.000000  SelEvtErr= 0.000000 AllEvtnoweight= 180.000000 SelEvtnoweight= 0.000000 Eff(weight)= 0.000000 Eff(noweight)= 0.000000 Nfile= 149 
ID= 11910354 AllEvt= 331.000000 AllEvtErr= 18.193387 SelEvt= 4.000000  SelEvtErr= 2.000000 AllEvtnoweight= 331.000000 SelEvtnoweight= 4.000000 Eff(weight)= 0.012085 Eff(noweight)= 0.012085 Nfile= 222 
ID= 12110354 AllEvt= 94.000000 AllEvtErr= 9.695357 SelEvt= 1.000000  SelEvtErr= 1.000000 AllEvtnoweight= 94.000000 SelEvtnoweight= 1.000000 Eff(weight)= 0.010638 Eff(noweight)= 0.010638 Nfile= 89 
ID= 11510354 AllEvt= 87.000000 AllEvtErr= 9.327373 SelEvt= 1.000000  SelEvtErr= 1.000000 AllEvtnoweight= 87.000000 SelEvtnoweight= 1.000000 Eff(weight)= 0.011494 Eff(noweight)= 0.011494 Nfile= 74 
ID= 12010354 AllEvt= 84.000000 AllEvtErr= 9.165148 SelEvt= 2.000000  SelEvtErr= 1.414214 AllEvtnoweight= 84.000000 SelEvtnoweight= 2.000000 Eff(weight)= 0.023810 Eff(noweight)= 0.023810 Nfile= 77 
ID= 12010454 AllEvt= 230.000000 AllEvtErr= 15.165740 SelEvt= 2.000000  SelEvtErr= 1.414214 AllEvtnoweight= 230.000000 SelEvtnoweight= 2.000000 Eff(weight)= 0.008696 Eff(noweight)= 0.008696 Nfile= 173 
ID= 12030554 AllEvt= 89.000000 AllEvtErr= 9.433979 SelEvt= 1.000000  SelEvtErr= 1.000000 AllEvtnoweight= 89.000000 SelEvtnoweight= 1.000000 Eff(weight)= 0.011236 Eff(noweight)= 0.011236 Nfile= 85 
ID= 12110454 AllEvt= 182.000000 AllEvtErr= 13.490728 SelEvt= 0.000000  SelEvtErr= 0.000000 AllEvtnoweight= 182.000000 SelEvtnoweight= 0.000000 Eff(weight)= 0.000000 Eff(noweight)= 0.000000 Nfile= 147 
ID= 11530554 AllEvt= 74.000000 AllEvtErr= 8.602323 SelEvt= 1.000000  SelEvtErr= 1.000000 AllEvtnoweight= 74.000000 SelEvtnoweight= 1.000000 Eff(weight)= 0.013514 Eff(noweight)= 0.013514 Nfile= 69 
ID= 11730554 AllEvt= 19.000000 AllEvtErr= 4.358899 SelEvt= 0.000000  SelEvtErr= 0.000000 AllEvtnoweight= 19.000000 SelEvtnoweight= 0.000000 Eff(weight)= 0.000000 Eff(noweight)= 0.000000 Nfile= 19 
ID= 12210354 AllEvt= 61.000000 AllEvtErr= 7.810248 SelEvt= 2.000000  SelEvtErr= 1.414214 AllEvtnoweight= 61.000000 SelEvtnoweight= 2.000000 Eff(weight)= 0.032787 Eff(noweight)= 0.032787 Nfile= 59 
ID= 11710454 AllEvt= 67.000000 AllEvtErr= 8.185351 SelEvt= 1.000000  SelEvtErr= 1.000000 AllEvtnoweight= 67.000000 SelEvtnoweight= 1.000000 Eff(weight)= 0.014925 Eff(noweight)= 0.014925 Nfile= 64 
ID= 11630554 AllEvt= 68.000000 AllEvtErr= 8.246209 SelEvt= 1.000000  SelEvtErr= 1.000000 AllEvtnoweight= 68.000000 SelEvtnoweight= 1.000000 Eff(weight)= 0.014706 Eff(noweight)= 0.014706 Nfile= 64 
ID= 11710354 AllEvt= 35.000000 AllEvtErr= 5.916078 SelEvt= 1.000000  SelEvtErr= 1.000000 AllEvtnoweight= 35.000000 SelEvtnoweight= 1.000000 Eff(weight)= 0.028571 Eff(noweight)= 0.028571 Nfile= 33 
ID= 70 AllEvt= 21675970.000000 AllEvtErr= 4655.743907 SelEvt= 7461854.000000 SelEvtErr= 2731.639529 AllEvtnoweight= 21675970.000000 SelEvtnoweight= 7461854.000000 Eff(weight)= 0.344245 Eff(noweight)= 0.344245 Nfile= 453
ID= 71 AllEvt= 497658.000000 AllEvtErr= 705.449420 SelEvt= 148197.000000  SelEvtErr= 384.963691 AllEvtnoweight= 497658.000000 SelEvtnoweight= 148197.000000 Eff(weight)= 0.297789 Eff(noweight)= 0.297789 Nfile= 201 
ID= 72 AllEvt= 493460.000000 AllEvtErr= 702.467026 SelEvt= 147246.000000  SelEvtErr= 383.726526 AllEvtnoweight= 493460.000000 SelEvtnoweight= 147246.000000 Eff(weight)= 0.298395 Eff(noweight)= 0.298395 Nfile= 201 
ID= 20 AllEvt= 50733589.000000 AllEvtErr= 7122.751419 SelEvt= 13221565.000000  SelEvtErr= 3636.146585 AllEvtnoweight= 50733589.000000 SelEvtnoweight= 13221565.000000 Eff(weight)= 0.260608 Eff(noweight)= 0.260608 Nfile= 912 
ID= 23 AllEvt= 25369406.000000 AllEvtErr= 5036.805341 SelEvt= 846143.000000  SelEvtErr= 919.860388 AllEvtnoweight= 25369406.000000 SelEvtnoweight= 846143.000000 Eff(weight)= 0.033353 Eff(noweight)= 0.033353 Nfile= 912 
